# JRE version: OpenJDK Runtime Environment (11.0.10) (build 11.0.10+0-b96-7249189)
# Java VM: OpenJDK 64-Bit Server VM (11.0.10+0-b96-7249189, mixed mode, tiered, compressed oops, g1 gc, linux-amd64)
Heap:
 garbage-first heap   total 421888K, used 187677K [0x00000000a0000000, 0x0000000100000000)
  region size 1024K, 29 young (29696K), 10 survivors (10240K)
 Metaspace       used 156090K, capacity 161562K, committed 161752K, reserved 1189888K
  class space    used 18702K, capacity 20642K, committed 20736K, reserved 1048576K
GC Heap History (20 events):
Event: 7867,845 GC heap before
{Heap before GC invocations=173 (full 0):
 garbage-first heap   total 421888K, used 225106K [0x00000000a0000000, 0x0000000100000000)
  region size 1024K, 53 young (54272K), 3 survivors (3072K)
 Metaspace       used 154761K, capacity 159827K, committed 160216K, reserved 1189888K
  class space    used 18537K, capacity 20337K, committed 20480K, reserved 1048576K
}
Event: 7867,869 GC heap after
{Heap after GC invocations=174 (full 0):
 garbage-first heap   total 421888K, used 178199K [0x00000000a0000000, 0x0000000100000000)
  region size 1024K, 7 young (7168K), 7 survivors (7168K)
 Metaspace       used 154761K, capacity 159827K, committed 160216K, reserved 1189888K
  class space    used 18537K, capacity 20337K, committed 20480K, reserved 1048576K
}
Event: 7882,376 GC heap before
{Heap before GC invocations=175 (full 0):
 garbage-first heap   total 421888K, used 247831K [0x00000000a0000000, 0x0000000100000000)
  region size 1024K, 61 young (62464K), 7 survivors (7168K)
 Metaspace       used 155006K, capacity 160203K, committed 160472K, reserved 1189888K
  class space    used 18565K, capacity 20388K, committed 20480K, reserved 1048576K
}
Event: 7882,418 GC heap after
{Heap after GC invocations=176 (full 0):
 garbage-first heap   total 421888K, used 175260K [0x00000000a0000000, 0x0000000100000000)
  region size 1024K, 4 young (4096K), 4 survivors (4096K)
 Metaspace       used 155006K, capacity 160203K, committed 160472K, reserved 1189888K
  class space    used 18565K, capacity 20388K, committed 20480K, reserved 1048576K
}
Event: 7882,764 GC heap before
{Heap before GC invocations=176 (full 0):
 garbage-first heap   total 421888K, used 190620K [0x00000000a0000000, 0x0000000100000000)
  region size 1024K, 20 young (20480K), 4 survivors (4096K)
 Metaspace       used 155166K, capacity 160428K, committed 160472K, reserved 1189888K
  class space    used 18601K, capacity 20456K, committed 20480K, reserved 1048576K
}
Event: 7882,818 GC heap after
{Heap after GC invocations=177 (full 0):
 garbage-first heap   total 421888K, used 156261K [0x00000000a0000000, 0x0000000100000000)
  region size 1024K, 3 young (3072K), 3 survivors (3072K)
 Metaspace       used 155166K, capacity 160428K, committed 160472K, reserved 1189888K
  class space    used 18601K, capacity 20456K, committed 20480K, reserved 1048576K
}
Event: 7928,625 GC heap before
{Heap before GC invocations=177 (full 0):
 garbage-first heap   total 421888K, used 242277K [0x00000000a0000000, 0x0000000100000000)
  region size 1024K, 89 young (91136K), 3 survivors (3072K)
 Metaspace       used 155567K, capacity 160940K, committed 161112K, reserved 1189888K
  class space    used 18680K, capacity 20601K, committed 20608K, reserved 1048576K
}
Event: 7928,704 GC heap after
{Heap after GC invocations=178 (full 0):
 garbage-first heap   total 421888K, used 165058K [0x00000000a0000000, 0x0000000100000000)
  region size 1024K, 11 young (11264K), 11 survivors (11264K)
 Metaspace       used 155567K, capacity 160940K, committed 161112K, reserved 1189888K
  class space    used 18680K, capacity 20601K, committed 20608K, reserved 1048576K
}
Event: 7930,457 GC heap before
{Heap before GC invocations=179 (full 0):
 garbage-first heap   total 421888K, used 222402K [0x00000000a0000000, 0x0000000100000000)
  region size 1024K, 69 young (70656K), 11 survivors (11264K)
 Metaspace       used 155594K, capacity 160940K, committed 161112K, reserved 1189888K
  class space    used 18680K, capacity 20601K, committed 20608K, reserved 1048576K
}
Event: 7930,520 GC heap after
{Heap after GC invocations=180 (full 0):
 garbage-first heap   total 421888K, used 164872K [0x00000000a0000000, 0x0000000100000000)
  region size 1024K, 3 young (3072K), 3 survivors (3072K)
 Metaspace       used 155594K, capacity 160940K, committed 161112K, reserved 1189888K
  class space    used 18680K, capacity 20601K, committed 20608K, reserved 1048576K
}
Event: 7930,832 GC heap before
{Heap before GC invocations=180 (full 0):
 garbage-first heap   total 421888K, used 181256K [0x00000000a0000000, 0x0000000100000000)
  region size 1024K, 20 young (20480K), 3 survivors (3072K)
 Metaspace       used 155614K, capacity 161005K, committed 161112K, reserved 1189888K
  class space    used 18680K, capacity 20601K, committed 20608K, reserved 1048576K
}
Event: 7930,920 GC heap after
{Heap after GC invocations=181 (full 0):
 garbage-first heap   total 421888K, used 154603K [0x00000000a0000000, 0x0000000100000000)
  region size 1024K, 3 young (3072K), 3 survivors (3072K)
 Metaspace       used 155614K, capacity 161005K, committed 161112K, reserved 1189888K
  class space    used 18680K, capacity 20601K, committed 20608K, reserved 1048576K
}
Event: 7932,404 GC heap before
{Heap before GC invocations=181 (full 0):
 garbage-first heap   total 421888K, used 244715K [0x00000000a0000000, 0x0000000100000000)
  region size 1024K, 93 young (95232K), 3 survivors (3072K)
 Metaspace       used 155784K, capacity 161214K, committed 161368K, reserved 1189888K
  class space    used 18680K, capacity 20601K, committed 20608K, reserved 1048576K
}
Event: 7932,439 GC heap after
{Heap after GC invocations=182 (full 0):
 garbage-first heap   total 421888K, used 153798K [0x00000000a0000000, 0x0000000100000000)
  region size 1024K, 2 young (2048K), 2 survivors (2048K)
 Metaspace       used 155784K, capacity 161214K, committed 161368K, reserved 1189888K
  class space    used 18680K, capacity 20601K, committed 20608K, reserved 1048576K
}
Event: 8253,265 GC heap before
{Heap before GC invocations=183 (full 0):
 garbage-first heap   total 421888K, used 250054K [0x00000000a0000000, 0x0000000100000000)
  region size 1024K, 80 young (81920K), 2 survivors (2048K)
 Metaspace       used 155930K, capacity 161420K, committed 161752K, reserved 1189888K
  class space    used 18702K, capacity 20642K, committed 20736K, reserved 1048576K
}
Event: 8253,401 GC heap after
{Heap after GC invocations=184 (full 0):
 garbage-first heap   total 421888K, used 165649K [0x00000000a0000000, 0x0000000100000000)
  region size 1024K, 10 young (10240K), 10 survivors (10240K)
 Metaspace       used 155930K, capacity 161420K, committed 161752K, reserved 1189888K
  class space    used 18702K, capacity 20642K, committed 20736K, reserved 1048576K
}
Event: 8254,402 GC heap before
{Heap before GC invocations=184 (full 0):
 garbage-first heap   total 421888K, used 174865K [0x00000000a0000000, 0x0000000100000000)
  region size 1024K, 20 young (20480K), 10 survivors (10240K)
 Metaspace       used 155930K, capacity 161420K, committed 161752K, reserved 1189888K
  class space    used 18702K, capacity 20642K, committed 20736K, reserved 1048576K
}
Event: 8254,621 GC heap after
{Heap after GC invocations=185 (full 0):
 garbage-first heap   total 421888K, used 163541K [0x00000000a0000000, 0x0000000100000000)
  region size 1024K, 3 young (3072K), 3 survivors (3072K)
 Metaspace       used 155930K, capacity 161420K, committed 161752K, reserved 1189888K
  class space    used 18702K, capacity 20642K, committed 20736K, reserved 1048576K
}
Event: 8258,460 GC heap before
{Heap before GC invocations=185 (full 0):
 garbage-first heap   total 421888K, used 278229K [0x00000000a0000000, 0x0000000100000000)
  region size 1024K, 116 young (118784K), 3 survivors (3072K)
 Metaspace       used 156067K, capacity 161496K, committed 161752K, reserved 1189888K
  class space    used 18702K, capacity 20642K, committed 20736K, reserved 1048576K
}
Event: 8258,709 GC heap after
{Heap after GC invocations=186 (full 0):
 garbage-first heap   total 421888K, used 170269K [0x00000000a0000000, 0x0000000100000000)
  region size 1024K, 10 young (10240K), 10 survivors (10240K)
 Metaspace       used 156067K, capacity 161496K, committed 161752K, reserved 1189888K
  class space    used 18702K, capacity 20642K, committed 20736K, reserved 1048576K
}

