# JRE version: OpenJDK Runtime Environment (11.0.10) (build 11.0.10+0-b96-7249189)
# Java VM: OpenJDK 64-Bit Server VM (11.0.10+0-b96-7249189, mixed mode, tiered, compressed oops, g1 gc, linux-amd64)
Heap:
 garbage-first heap   total 254976K, used 129799K [0x00000000a0000000, 0x0000000100000000)
  region size 1024K, 3 young (3072K), 2 survivors (2048K)
 Metaspace       used 136128K, capacity 140861K, committed 140964K, reserved 1173504K
  class space    used 16313K, capacity 17907K, committed 17920K, reserved 1048576K
GC Heap History (20 events):
Event: 2400,001 GC heap after
{Heap after GC invocations=110 (full 0):
 garbage-first heap   total 254976K, used 101929K [0x00000000a0000000, 0x0000000100000000)
  region size 1024K, 1 young (1024K), 1 survivors (1024K)
 Metaspace       used 133762K, capacity 137469K, committed 137892K, reserved 1169408K
  class space    used 15969K, capacity 17272K, committed 17408K, reserved 1048576K
}
Event: 2400,527 GC heap before
{Heap before GC invocations=110 (full 0):
 garbage-first heap   total 254976K, used 134697K [0x00000000a0000000, 0x0000000100000000)
  region size 1024K, 35 young (35840K), 1 survivors (1024K)
 Metaspace       used 133798K, capacity 137474K, committed 137892K, reserved 1169408K
  class space    used 15969K, capacity 17272K, committed 17408K, reserved 1048576K
}
Event: 2400,540 GC heap after
{Heap after GC invocations=111 (full 0):
 garbage-first heap   total 254976K, used 101620K [0x00000000a0000000, 0x0000000100000000)
  region size 1024K, 1 young (1024K), 1 survivors (1024K)
 Metaspace       used 133798K, capacity 137474K, committed 137892K, reserved 1169408K
  class space    used 15969K, capacity 17272K, committed 17408K, reserved 1048576K
}
Event: 2688,774 GC heap before
{Heap before GC invocations=112 (full 0):
 garbage-first heap   total 254976K, used 185588K [0x00000000a0000000, 0x0000000100000000)
  region size 1024K, 71 young (72704K), 1 survivors (1024K)
 Metaspace       used 133877K, capacity 137488K, committed 137892K, reserved 1169408K
  class space    used 15971K, capacity 17275K, committed 17408K, reserved 1048576K
}
Event: 2688,830 GC heap after
{Heap after GC invocations=113 (full 0):
 garbage-first heap   total 254976K, used 108637K [0x00000000a0000000, 0x0000000100000000)
  region size 1024K, 8 young (8192K), 8 survivors (8192K)
 Metaspace       used 133877K, capacity 137488K, committed 137892K, reserved 1169408K
  class space    used 15971K, capacity 17275K, committed 17408K, reserved 1048576K
}
Event: 2690,875 GC heap before
{Heap before GC invocations=114 (full 0):
 garbage-first heap   total 254976K, used 189533K [0x00000000a0000000, 0x0000000100000000)
  region size 1024K, 86 young (88064K), 8 survivors (8192K)
 Metaspace       used 133909K, capacity 137555K, committed 137892K, reserved 1169408K
  class space    used 15971K, capacity 17275K, committed 17408K, reserved 1048576K
}
Event: 2690,950 GC heap after
{Heap after GC invocations=115 (full 0):
 garbage-first heap   total 254976K, used 113020K [0x00000000a0000000, 0x0000000100000000)
  region size 1024K, 4 young (4096K), 4 survivors (4096K)
 Metaspace       used 133909K, capacity 137555K, committed 137892K, reserved 1169408K
  class space    used 15971K, capacity 17275K, committed 17408K, reserved 1048576K
}
Event: 2691,070 GC heap before
{Heap before GC invocations=115 (full 0):
 garbage-first heap   total 254976K, used 121212K [0x00000000a0000000, 0x0000000100000000)
  region size 1024K, 12 young (12288K), 4 survivors (4096K)
 Metaspace       used 133912K, capacity 137555K, committed 137892K, reserved 1169408K
  class space    used 15971K, capacity 17275K, committed 17408K, reserved 1048576K
}
Event: 2691,130 GC heap after
{Heap after GC invocations=116 (full 0):
 garbage-first heap   total 254976K, used 111676K [0x00000000a0000000, 0x0000000100000000)
  region size 1024K, 1 young (1024K), 1 survivors (1024K)
 Metaspace       used 133912K, capacity 137555K, committed 137892K, reserved 1169408K
  class space    used 15971K, capacity 17275K, committed 17408K, reserved 1048576K
}
Event: 2692,427 GC heap before
{Heap before GC invocations=116 (full 0):
 garbage-first heap   total 254976K, used 192572K [0x00000000a0000000, 0x0000000100000000)
  region size 1024K, 81 young (82944K), 1 survivors (1024K)
 Metaspace       used 133967K, capacity 137561K, committed 137892K, reserved 1169408K
  class space    used 15971K, capacity 17275K, committed 17408K, reserved 1048576K
}
Event: 2692,446 GC heap after
{Heap after GC invocations=117 (full 0):
 garbage-first heap   total 254976K, used 111667K [0x00000000a0000000, 0x0000000100000000)
  region size 1024K, 1 young (1024K), 1 survivors (1024K)
 Metaspace       used 133967K, capacity 137561K, committed 137892K, reserved 1169408K
  class space    used 15971K, capacity 17275K, committed 17408K, reserved 1048576K
}
Event: 3034,914 GC heap before
{Heap before GC invocations=118 (full 0):
 garbage-first heap   total 254976K, used 220211K [0x00000000a0000000, 0x0000000100000000)
  region size 1024K, 85 young (87040K), 1 survivors (1024K)
 Metaspace       used 135538K, capacity 140017K, committed 140068K, reserved 1171456K
  class space    used 16244K, capacity 17782K, committed 17792K, reserved 1048576K
}
Event: 3034,980 GC heap after
{Heap after GC invocations=119 (full 0):
 garbage-first heap   total 254976K, used 117415K [0x00000000a0000000, 0x0000000100000000)
  region size 1024K, 7 young (7168K), 7 survivors (7168K)
 Metaspace       used 135538K, capacity 140017K, committed 140068K, reserved 1171456K
  class space    used 16244K, capacity 17782K, committed 17792K, reserved 1048576K
}
Event: 3035,092 GC heap before
{Heap before GC invocations=119 (full 0):
 garbage-first heap   total 254976K, used 122535K [0x00000000a0000000, 0x0000000100000000)
  region size 1024K, 12 young (12288K), 7 survivors (7168K)
 Metaspace       used 135561K, capacity 140039K, committed 140068K, reserved 1171456K
  class space    used 16247K, capacity 17788K, committed 17792K, reserved 1048576K
}
Event: 3035,175 GC heap after
{Heap after GC invocations=120 (full 0):
 garbage-first heap   total 254976K, used 112022K [0x00000000a0000000, 0x0000000100000000)
  region size 1024K, 2 young (2048K), 2 survivors (2048K)
 Metaspace       used 135561K, capacity 140039K, committed 140068K, reserved 1171456K
  class space    used 16247K, capacity 17788K, committed 17792K, reserved 1048576K
}
Event: 3039,105 GC heap before
{Heap before GC invocations=120 (full 0):
 garbage-first heap   total 254976K, used 198038K [0x00000000a0000000, 0x0000000100000000)
  region size 1024K, 87 young (89088K), 2 survivors (2048K)
 Metaspace       used 136088K, capacity 140796K, committed 140964K, reserved 1173504K
  class space    used 16313K, capacity 17907K, committed 17920K, reserved 1048576K
}
Event: 3039,170 GC heap after
{Heap after GC invocations=121 (full 0):
 garbage-first heap   total 254976K, used 118566K [0x00000000a0000000, 0x0000000100000000)
  region size 1024K, 8 young (8192K), 8 survivors (8192K)
 Metaspace       used 136088K, capacity 140796K, committed 140964K, reserved 1173504K
  class space    used 16313K, capacity 17907K, committed 17920K, reserved 1048576K
}
Event: 3041,416 GC heap before
{Heap before GC invocations=122 (full 0):
 garbage-first heap   total 254976K, used 198438K [0x00000000a0000000, 0x0000000100000000)
  region size 1024K, 90 young (92160K), 8 survivors (8192K)
 Metaspace       used 136126K, capacity 140861K, committed 140964K, reserved 1173504K
  class space    used 16313K, capacity 17907K, committed 17920K, reserved 1048576K
}
Event: 3041,553 GC heap after
{Heap after GC invocations=123 (full 0):
 garbage-first heap   total 254976K, used 128775K [0x00000000a0000000, 0x0000000100000000)
  region size 1024K, 12 young (12288K), 12 survivors (12288K)
 Metaspace       used 136126K, capacity 140861K, committed 140964K, reserved 1173504K
  class space    used 16313K, capacity 17907K, committed 17920K, reserved 1048576K
}
Event: 3041,569 GC heap before
{Heap before GC invocations=123 (full 0):
 garbage-first heap   total 254976K, used 129799K [0x00000000a0000000, 0x0000000100000000)
  region size 1024K, 13 young (13312K), 12 survivors (12288K)
 Metaspace       used 136128K, capacity 140861K, committed 140964K, reserved 1173504K
  class space    used 16313K, capacity 17907K, committed 17920K, reserved 1048576K
}

