# JRE version: OpenJDK Runtime Environment (11.0.10) (build 11.0.10+0-b96-7249189)
# Java VM: OpenJDK 64-Bit Server VM (11.0.10+0-b96-7249189, mixed mode, tiered, compressed oops, g1 gc, linux-amd64)
Heap:
 garbage-first heap   total 148480K, used 104580K [0x00000000a0000000, 0x0000000100000000)
  region size 1024K, 60 young (61440K), 3 survivors (3072K)
 Metaspace       used 57358K, capacity 58860K, committed 59008K, reserved 1099776K
  class space    used 7246K, capacity 7771K, committed 7808K, reserved 1048576K
GC Heap History (20 events):
Event: 4,592 GC heap after
{Heap after GC invocations=8 (full 0):
 garbage-first heap   total 73728K, used 17423K [0x00000000a0000000, 0x0000000100000000)
  region size 1024K, 3 young (3072K), 3 survivors (3072K)
 Metaspace       used 23247K, capacity 23916K, committed 24192K, reserved 1071104K
  class space    used 2967K, capacity 3182K, committed 3200K, reserved 1048576K
}
Event: 5,297 GC heap before
{Heap before GC invocations=9 (full 0):
 garbage-first heap   total 73728K, used 47119K [0x00000000a0000000, 0x0000000100000000)
  region size 1024K, 32 young (32768K), 3 survivors (3072K)
 Metaspace       used 26103K, capacity 26803K, committed 27008K, reserved 1073152K
  class space    used 3434K, capacity 3700K, committed 3712K, reserved 1048576K
}
Event: 5,323 GC heap after
{Heap after GC invocations=10 (full 0):
 garbage-first heap   total 73728K, used 18632K [0x00000000a0000000, 0x0000000100000000)
  region size 1024K, 3 young (3072K), 3 survivors (3072K)
 Metaspace       used 26103K, capacity 26803K, committed 27008K, reserved 1073152K
  class space    used 3434K, capacity 3700K, committed 3712K, reserved 1048576K
}
Event: 6,088 GC heap before
{Heap before GC invocations=10 (full 0):
 garbage-first heap   total 73728K, used 48328K [0x00000000a0000000, 0x0000000100000000)
  region size 1024K, 32 young (32768K), 3 survivors (3072K)
 Metaspace       used 28923K, capacity 29606K, committed 29824K, reserved 1075200K
  class space    used 3882K, capacity 4122K, committed 4224K, reserved 1048576K
}
Event: 6,099 GC heap after
{Heap after GC invocations=11 (full 0):
 garbage-first heap   total 73728K, used 19421K [0x00000000a0000000, 0x0000000100000000)
  region size 1024K, 3 young (3072K), 3 survivors (3072K)
 Metaspace       used 28923K, capacity 29606K, committed 29824K, reserved 1075200K
  class space    used 3882K, capacity 4122K, committed 4224K, reserved 1048576K
}
Event: 7,490 GC heap before
{Heap before GC invocations=11 (full 0):
 garbage-first heap   total 73728K, used 50141K [0x00000000a0000000, 0x0000000100000000)
  region size 1024K, 33 young (33792K), 3 survivors (3072K)
 Metaspace       used 35573K, capacity 36367K, committed 36736K, reserved 1081344K
  class space    used 4577K, capacity 4865K, committed 4992K, reserved 1048576K
}
Event: 7,527 GC heap after
{Heap after GC invocations=12 (full 0):
 garbage-first heap   total 89088K, used 23194K [0x00000000a0000000, 0x0000000100000000)
  region size 1024K, 5 young (5120K), 5 survivors (5120K)
 Metaspace       used 35573K, capacity 36367K, committed 36736K, reserved 1081344K
  class space    used 4577K, capacity 4865K, committed 4992K, reserved 1048576K
}
Event: 8,964 GC heap before
{Heap before GC invocations=12 (full 0):
 garbage-first heap   total 89088K, used 60058K [0x00000000a0000000, 0x0000000100000000)
  region size 1024K, 38 young (38912K), 5 survivors (5120K)
 Metaspace       used 38473K, capacity 39302K, committed 39552K, reserved 1083392K
  class space    used 4905K, capacity 5221K, committed 5248K, reserved 1048576K
}
Event: 9,030 GC heap after
{Heap after GC invocations=13 (full 0):
 garbage-first heap   total 89088K, used 25706K [0x00000000a0000000, 0x0000000100000000)
  region size 1024K, 3 young (3072K), 3 survivors (3072K)
 Metaspace       used 38473K, capacity 39302K, committed 39552K, reserved 1083392K
  class space    used 4905K, capacity 5221K, committed 5248K, reserved 1048576K
}
Event: 9,411 GC heap before
{Heap before GC invocations=13 (full 0):
 garbage-first heap   total 89088K, used 34922K [0x00000000a0000000, 0x0000000100000000)
  region size 1024K, 13 young (13312K), 3 survivors (3072K)
 Metaspace       used 39267K, capacity 40189K, committed 40320K, reserved 1085440K
  class space    used 5035K, capacity 5361K, committed 5376K, reserved 1048576K
}
Event: 9,442 GC heap after
{Heap after GC invocations=14 (full 0):
 garbage-first heap   total 89088K, used 25908K [0x00000000a0000000, 0x0000000100000000)
  region size 1024K, 3 young (3072K), 3 survivors (3072K)
 Metaspace       used 39267K, capacity 40189K, committed 40320K, reserved 1085440K
  class space    used 5035K, capacity 5361K, committed 5376K, reserved 1048576K
}
Event: 9,794 GC heap before
{Heap before GC invocations=15 (full 0):
 garbage-first heap   total 89088K, used 34100K [0x00000000a0000000, 0x0000000100000000)
  region size 1024K, 11 young (11264K), 3 survivors (3072K)
 Metaspace       used 40069K, capacity 40934K, committed 41164K, reserved 1085440K
  class space    used 5184K, capacity 5503K, committed 5504K, reserved 1048576K
}
Event: 9,854 GC heap after
{Heap after GC invocations=16 (full 0):
 garbage-first heap   total 89088K, used 26258K [0x00000000a0000000, 0x0000000100000000)
  region size 1024K, 1 young (1024K), 1 survivors (1024K)
 Metaspace       used 40069K, capacity 40934K, committed 41164K, reserved 1085440K
  class space    used 5184K, capacity 5503K, committed 5504K, reserved 1048576K
}
Event: 10,774 GC heap before
{Heap before GC invocations=16 (full 0):
 garbage-first heap   total 89088K, used 54930K [0x00000000a0000000, 0x0000000100000000)
  region size 1024K, 29 young (29696K), 1 survivors (1024K)
 Metaspace       used 42300K, capacity 43245K, committed 43392K, reserved 1087488K
  class space    used 5383K, capacity 5698K, committed 5760K, reserved 1048576K
}
Event: 10,808 GC heap after
{Heap after GC invocations=17 (full 0):
 garbage-first heap   total 148480K, used 27962K [0x00000000a0000000, 0x0000000100000000)
  region size 1024K, 3 young (3072K), 3 survivors (3072K)
 Metaspace       used 42300K, capacity 43245K, committed 43392K, reserved 1087488K
  class space    used 5383K, capacity 5698K, committed 5760K, reserved 1048576K
}
Event: 12,087 GC heap before
{Heap before GC invocations=17 (full 0):
 garbage-first heap   total 148480K, used 78138K [0x00000000a0000000, 0x0000000100000000)
  region size 1024K, 52 young (53248K), 3 survivors (3072K)
 Metaspace       used 45440K, capacity 46584K, committed 46720K, reserved 1089536K
  class space    used 5833K, capacity 6216K, committed 6272K, reserved 1048576K
}
Event: 12,102 GC heap after
{Heap after GC invocations=18 (full 0):
 garbage-first heap   total 148480K, used 29729K [0x00000000a0000000, 0x0000000100000000)
  region size 1024K, 5 young (5120K), 5 survivors (5120K)
 Metaspace       used 45440K, capacity 46584K, committed 46720K, reserved 1089536K
  class space    used 5833K, capacity 6216K, committed 6272K, reserved 1048576K
}
Event: 14,392 GC heap before
{Heap before GC invocations=18 (full 0):
 garbage-first heap   total 148480K, used 97313K [0x00000000a0000000, 0x0000000100000000)
  region size 1024K, 65 young (66560K), 5 survivors (5120K)
 Metaspace       used 49251K, capacity 50503K, committed 50816K, reserved 1093632K
  class space    used 6274K, capacity 6739K, committed 6784K, reserved 1048576K
}
Event: 14,428 GC heap after
{Heap after GC invocations=19 (full 0):
 garbage-first heap   total 148480K, used 46212K [0x00000000a0000000, 0x0000000100000000)
  region size 1024K, 9 young (9216K), 9 survivors (9216K)
 Metaspace       used 49251K, capacity 50503K, committed 50816K, reserved 1093632K
  class space    used 6274K, capacity 6739K, committed 6784K, reserved 1048576K
}
Event: 16,373 GC heap before
{Heap before GC invocations=19 (full 0):
 garbage-first heap   total 148480K, used 104580K [0x00000000a0000000, 0x0000000100000000)
  region size 1024K, 66 young (67584K), 9 survivors (9216K)
 Metaspace       used 57358K, capacity 58860K, committed 59008K, reserved 1099776K
  class space    used 7246K, capacity 7771K, committed 7808K, reserved 1048576K
}

